#
# There is insufficient memory for the Java Runtime Environment to continue.
# Native memory allocation (malloc) failed to allocate 1048576 bytes for AllocateHeap
# Possible reasons:
#   The system is out of physical RAM or swap space
#   The process is running with CompressedOops enabled, and the Java Heap may be blocking the growth of the native heap
# Possible solutions:
#   Reduce memory load on the system
#   Increase physical memory or swap space
#   Check if swap backing store is full
#   Decrease Java heap size (-Xmx/-Xms)
#   Decrease number of Java threads
#   Decrease Java thread stack sizes (-Xss)
#   Set larger code cache with -XX:ReservedCodeCacheSize=
#   JVM is running with Unscaled Compressed Oops mode in which the Java heap is
#     placed in the first 4GB address space. The Java Heap base address is the
#     maximum limit for the native heap growth. Please use -XX:HeapBaseMinAddress
#     to set the Java Heap base and to place the Java Heap above 4GB virtual address.
# This output file may be truncated or incomplete.
#
#  Out of Memory Error (allocation.cpp:44), pid=31776, tid=32884
#
# JRE version:  (17.0.1+12) (build )
# Java VM: OpenJDK 64-Bit Server VM (17.0.1+12, mixed mode, sharing, tiered, compressed oops, compressed class ptrs, g1 gc, windows-amd64)
# No core dump will be written. Minidumps are not enabled by default on client versions of Windows
#

---------------  S U M M A R Y ------------

Command Line: -Dmaven.home=EMBEDDED -Dclassworlds.conf=C:\Users\DHIRAGEP\Documents\workspace-spring-tool-suite-4-4.13.1.RELEASE\Springboot\Sprint1-Project\.metadata\.plugins\org.eclipse.m2e.launching\launches\m2conf1729797896903621040.tmp -Dmaven.multiModuleProjectDirectory=C:\Users\DHIRAGEP\Documents\workspace-spring-tool-suite-4-4.13.1.RELEASE\Springboot\Sprint1-Project\OnlineWallet -Djansi.force=true -Djansi.passthrough=true -Dfile.encoding=Cp1252 -XX:+ShowCodeDetailsInExceptionMessages org.codehaus.plexus.classworlds.launcher.Launcher -Ppom.xml -B Dsonar.login=squ_d72c548b9ccf9795ffa9889e9d8d00f6512d0c48 -Dstyle.color=always

Host: AMD Ryzen 5 PRO 5650U with Radeon Graphics     , 12 cores, 7G,  Windows 10 , 64 bit Build 22621 (10.0.22621.2215)
Time: Wed Sep 27 16:31:49 2023 India Standard Time elapsed time: 0.058668 seconds (0d 0h 0m 0s)

---------------  T H R E A D  ---------------

Current thread (0x0000025614e237d0):  JavaThread "Unknown thread" [_thread_in_vm, id=32884, stack(0x000000c061d00000,0x000000c061e00000)]

Stack: [0x000000c061d00000,0x000000c061e00000]
Native frames: (J=compiled Java code, j=interpreted, Vv=VM code, C=native code)
V  [jvm.dll+0x6744da]
V  [jvm.dll+0x82e144]
V  [jvm.dll+0x82f8ee]
V  [jvm.dll+0x82ff53]
V  [jvm.dll+0x245175]
V  [jvm.dll+0xa5e73]
V  [jvm.dll+0x2e3c47]
V  [jvm.dll+0x2dbabb]
V  [jvm.dll+0x7ffdf1]
V  [jvm.dll+0x368c91]
V  [jvm.dll+0x7df2cc]
V  [jvm.dll+0x3eb59f]
V  [jvm.dll+0x3ed121]
C  [jli.dll+0x5277]
C  [ucrtbase.dll+0x29363]
C  [KERNEL32.DLL+0x1257d]
C  [ntdll.dll+0x5aa68]


---------------  P R O C E S S  ---------------

Threads class SMR info:
_java_thread_list=0x00007ff80ce74e58, length=0, elements={
}

Java Threads: ( => current thread )

Other Threads:
  0x0000025614e62540 GCTaskThread "GC Thread#0" [stack: 0x000000c061e00000,0x000000c061f00000] [id=32724]

[error occurred during error reporting (printing all threads), id 0xc0000005, EXCEPTION_ACCESS_VIOLATION (0xc0000005) at pc=0x00007ff80c648bd0]

VM state: not at safepoint (not fully initialized)

VM Mutex/Monitor currently owned by a thread:  ([mutex/lock_event])
[0x0000025614e200b0] Heap_lock - owner thread: 0x0000025614e237d0

Heap address: 0x000000008ae00000, size: 1874 MB, Compressed Oops mode: 32-bit

CDS archive(s) mapped at: [0x0000000000000000-0x0000000000000000-0x0000000000000000), size 0, SharedBaseAddress: 0x0000000800000000, ArchiveRelocationMode: 0.
Narrow klass base: 0x0000000000000000, Narrow klass shift: 0, Narrow klass range: 0x0

GC Precious Log:
<Empty>

Heap:
 garbage-first heap   total 0K, used 0K [0x000000008ae00000, 0x0000000100000000)
  region size 1024K, 0 young (0K), 0 survivors (0K)

[error occurred during error reporting (printing heap information), id 0xc0000005, EXCEPTION_ACCESS_VIOLATION (0xc0000005) at pc=0x00007ff80ca2d729]

GC Heap History (0 events):
No events

Deoptimization events (0 events):
No events

Classes unloaded (0 events):
No events

Classes redefined (0 events):
No events

Internal exceptions (0 events):
No events

VM Operations (0 events):
No events

Events (1 events):
Event: 0.040 Loaded shared library C:\Users\DHIRAGEP\Downloads\sts-4.13.1.RELEASE\plugins\org.eclipse.justj.openjdk.hotspot.jre.full.win32.x86_64_17.0.1.v20211116-1657\jre\bin\java.dll


Dynamic libraries:
0x00007ff7f88c0000 - 0x00007ff7f88ce000 	C:\Users\DHIRAGEP\Downloads\sts-4.13.1.RELEASE\plugins\org.eclipse.justj.openjdk.hotspot.jre.full.win32.x86_64_17.0.1.v20211116-1657\jre\bin\javaw.exe
0x00007ff8a3370000 - 0x00007ff8a3584000 	C:\WINDOWS\SYSTEM32\ntdll.dll
0x00007ff8a24a0000 - 0x00007ff8a2564000 	C:\WINDOWS\System32\KERNEL32.DLL
0x00007ff8a0a20000 - 0x00007ff8a0dc4000 	C:\WINDOWS\System32\KERNELBASE.dll
0x00007ff8a0720000 - 0x00007ff8a0831000 	C:\WINDOWS\System32\ucrtbase.dll
0x00007ff88dd00000 - 0x00007ff88dd18000 	C:\Users\DHIRAGEP\Downloads\sts-4.13.1.RELEASE\plugins\org.eclipse.justj.openjdk.hotspot.jre.full.win32.x86_64_17.0.1.v20211116-1657\jre\bin\jli.dll
0x00007ff88d960000 - 0x00007ff88d979000 	C:\Users\DHIRAGEP\Downloads\sts-4.13.1.RELEASE\plugins\org.eclipse.justj.openjdk.hotspot.jre.full.win32.x86_64_17.0.1.v20211116-1657\jre\bin\VCRUNTIME140.dll
0x00007ff8a28c0000 - 0x00007ff8a2a6e000 	C:\WINDOWS\System32\USER32.dll
0x00007ff884960000 - 0x00007ff884bf3000 	C:\WINDOWS\WinSxS\amd64_microsoft.windows.common-controls_6595b64144ccf1df_6.0.22621.2215_none_270d72677387dfc3\COMCTL32.dll
0x00007ff8a10d0000 - 0x00007ff8a10f6000 	C:\WINDOWS\System32\win32u.dll
0x00007ff8a1fc0000 - 0x00007ff8a2067000 	C:\WINDOWS\System32\msvcrt.dll
0x00007ff8a3190000 - 0x00007ff8a31b9000 	C:\WINDOWS\System32\GDI32.dll
0x00007ff8a0fb0000 - 0x00007ff8a10c8000 	C:\WINDOWS\System32\gdi32full.dll
0x00007ff8a0980000 - 0x00007ff8a0a1a000 	C:\WINDOWS\System32\msvcp_win.dll
0x00007ff8a31c0000 - 0x00007ff8a31f1000 	C:\WINDOWS\System32\IMM32.DLL
0x0000025612d30000 - 0x0000025612d44000 	C:\WINDOWS\System32\umppc17213.dll
0x00007ff8a04c0000 - 0x00007ff8a05d0000 	C:\Program Files\Avecto\Privilege Guard Client\PGHook.dll
0x00007ff896430000 - 0x00007ff89643c000 	C:\Users\DHIRAGEP\Downloads\sts-4.13.1.RELEASE\plugins\org.eclipse.justj.openjdk.hotspot.jre.full.win32.x86_64_17.0.1.v20211116-1657\jre\bin\vcruntime140_1.dll
0x00007ff887580000 - 0x00007ff887611000 	C:\Users\DHIRAGEP\Downloads\sts-4.13.1.RELEASE\plugins\org.eclipse.justj.openjdk.hotspot.jre.full.win32.x86_64_17.0.1.v20211116-1657\jre\bin\msvcp140.dll
0x00007ff80c360000 - 0x00007ff80cfa6000 	C:\Users\DHIRAGEP\Downloads\sts-4.13.1.RELEASE\plugins\org.eclipse.justj.openjdk.hotspot.jre.full.win32.x86_64_17.0.1.v20211116-1657\jre\bin\server\jvm.dll
0x00007ff8a23b0000 - 0x00007ff8a2460000 	C:\WINDOWS\System32\ADVAPI32.dll
0x00007ff8a3200000 - 0x00007ff8a32a6000 	C:\WINDOWS\System32\sechost.dll
0x00007ff8a1100000 - 0x00007ff8a1217000 	C:\WINDOWS\System32\RPCRT4.dll
0x00007ff8a3320000 - 0x00007ff8a3328000 	C:\WINDOWS\System32\PSAPI.DLL
0x00007ff886990000 - 0x00007ff886999000 	C:\WINDOWS\SYSTEM32\WSOCK32.dll
0x00007ff8a2330000 - 0x00007ff8a23a1000 	C:\WINDOWS\System32\WS2_32.dll
0x00007ff898740000 - 0x00007ff898774000 	C:\WINDOWS\SYSTEM32\WINMM.dll
0x00007ff897a80000 - 0x00007ff897a8a000 	C:\WINDOWS\SYSTEM32\VERSION.dll
0x00007ff89f4e0000 - 0x00007ff89f4f8000 	C:\WINDOWS\SYSTEM32\kernel.appcore.dll
0x00007ff8982b0000 - 0x00007ff8982ba000 	C:\Users\DHIRAGEP\Downloads\sts-4.13.1.RELEASE\plugins\org.eclipse.justj.openjdk.hotspot.jre.full.win32.x86_64_17.0.1.v20211116-1657\jre\bin\jimage.dll
0x00007ff89d9f0000 - 0x00007ff89dc1e000 	C:\WINDOWS\SYSTEM32\DBGHELP.DLL
0x00007ff8a12c0000 - 0x00007ff8a164a000 	C:\WINDOWS\System32\combase.dll
0x00007ff8a30b0000 - 0x00007ff8a3187000 	C:\WINDOWS\System32\OLEAUT32.dll
0x00007ff88e080000 - 0x00007ff88e0b2000 	C:\WINDOWS\SYSTEM32\dbgcore.DLL
0x00007ff8a0840000 - 0x00007ff8a08ba000 	C:\WINDOWS\System32\bcryptPrimitives.dll
0x00007ff8967f0000 - 0x00007ff896815000 	C:\Users\DHIRAGEP\Downloads\sts-4.13.1.RELEASE\plugins\org.eclipse.justj.openjdk.hotspot.jre.full.win32.x86_64_17.0.1.v20211116-1657\jre\bin\java.dll

dbghelp: loaded successfully - version: 4.0.5 - missing functions: none
symbol engine: initialized successfully - sym options: 0x614 - pdb path: .;C:\Users\DHIRAGEP\Downloads\sts-4.13.1.RELEASE\plugins\org.eclipse.justj.openjdk.hotspot.jre.full.win32.x86_64_17.0.1.v20211116-1657\jre\bin;C:\WINDOWS\SYSTEM32;C:\WINDOWS\WinSxS\amd64_microsoft.windows.common-controls_6595b64144ccf1df_6.0.22621.2215_none_270d72677387dfc3;C:\Program Files\Avecto\Privilege Guard Client;C:\Users\DHIRAGEP\Downloads\sts-4.13.1.RELEASE\plugins\org.eclipse.justj.openjdk.hotspot.jre.full.win32.x86_64_17.0.1.v20211116-1657\jre\bin\server

VM Arguments:
jvm_args: -Dmaven.home=EMBEDDED -Dclassworlds.conf=C:\Users\DHIRAGEP\Documents\workspace-spring-tool-suite-4-4.13.1.RELEASE\Springboot\Sprint1-Project\.metadata\.plugins\org.eclipse.m2e.launching\launches\m2conf1729797896903621040.tmp -Dmaven.multiModuleProjectDirectory=C:\Users\DHIRAGEP\Documents\workspace-spring-tool-suite-4-4.13.1.RELEASE\Springboot\Sprint1-Project\OnlineWallet -Djansi.force=true -Djansi.passthrough=true -Dfile.encoding=Cp1252 -XX:+ShowCodeDetailsInExceptionMessages 
java_command: org.codehaus.plexus.classworlds.launcher.Launcher -Ppom.xml -B Dsonar.login=squ_d72c548b9ccf9795ffa9889e9d8d00f6512d0c48 -Dstyle.color=always
java_class_path (initial): C:\Users\DHIRAGEP\Downloads\sts-4.13.1.RELEASE\plugins\org.eclipse.m2e.maven.runtime_1.18.1.20211011-2139\jars\plexus-classworlds-2.6.0.jar
Launcher Type: SUN_STANDARD

[Global flags]
     intx CICompilerCount                          = 4                                         {product} {ergonomic}
     uint ConcGCThreads                            = 3                                         {product} {ergonomic}
     uint G1ConcRefinementThreads                  = 10                                        {product} {ergonomic}
   size_t G1HeapRegionSize                         = 1048576                                   {product} {ergonomic}
    uintx GCDrainStackTargetSize                   = 64                                        {product} {ergonomic}
   size_t InitialHeapSize                          = 123731968                                 {product} {ergonomic}
   size_t MarkStackSize                            = 4194304                                   {product} {ergonomic}
   size_t MaxHeapSize                              = 1965031424                                {product} {ergonomic}
   size_t MinHeapDeltaBytes                        = 1048576                                   {product} {ergonomic}
   size_t MinHeapSize                              = 8388608                                   {product} {ergonomic}
    uintx NonNMethodCodeHeapSize                   = 5839372                                {pd product} {ergonomic}
    uintx NonProfiledCodeHeapSize                  = 122909434                              {pd product} {ergonomic}
    uintx ProfiledCodeHeapSize                     = 122909434                              {pd product} {ergonomic}
    uintx ReservedCodeCacheSize                    = 251658240                              {pd product} {ergonomic}
     bool SegmentedCodeCache                       = true                                      {product} {ergonomic}
     bool ShowCodeDetailsInExceptionMessages       = true                                   {manageable} {command line}
   size_t SoftMaxHeapSize                          = 1965031424                             {manageable} {ergonomic}
     bool UseCompressedClassPointers               = true                           {product lp64_product} {ergonomic}
     bool UseCompressedOops                        = true                           {product lp64_product} {ergonomic}
     bool UseG1GC                                  = true                                      {product} {ergonomic}
     bool UseLargePagesIndividualAllocation        = false                                  {pd product} {ergonomic}

Logging:
Log output configuration:
 #0: stdout all=warning uptime,level,tags
 #1: stderr all=off uptime,level,tags

Environment Variables:
JAVA_HOME=C:\Program Files\Java\jdk-14.0.2
PATH=C:/Users/DHIRAGEP/Downloads/sts-4.13.1.RELEASE//plugins/org.eclipse.justj.openjdk.hotspot.jre.full.win32.x86_64_17.0.1.v20211116-1657/jre/bin/server;C:/Users/DHIRAGEP/Downloads/sts-4.13.1.RELEASE//plugins/org.eclipse.justj.openjdk.hotspot.jre.full.win32.x86_64_17.0.1.v20211116-1657/jre/bin;C:\oraclexe\app\oracle\product\11.2.0\server\bin;C:\Program Files (x86)\Common Files\Oracle\Java\javapath;C:\Program Files\Eclipse Foundation\jdk-11.0.12.7-hotspot\bin;C:\WINDOWS\system32;C:\WINDOWS;C:\WINDOWS\System32\Wbem;C:\WINDOWS\System32\WindowsPowerShell\v1.0\;C:\WINDOWS\System32\OpenSSH\;C:\Program Files\PuTTY\;C:\Program Files\nodejs\;C:\Program Files\Java\jdk-14.0.2;C:\Program Files\Apache Software Foundation\apache-maven-3.8.6\bin;C:\Program Files\MySQL\MySQL Shell 8.0\bin\;C:\Users\DHIRAGEP\AppData\Local\Microsoft\WindowsApps;C:\Users\DHIRAGEP\AppData\Local\Programs\Microsoft VS Code\bin;C:\Users\DHIRAGEP\AppData\Local\JetBrains\IntelliJ IDEA Community Edition 2021.3.2\bin;;C:\Users\DHIRAGEP\AppData\Local\Programs\Git\cmd;C:\Users\DHIRAGEP\AppData\Roaming\npm;C:\Users\DHIRAGEP\AppData\Local\GitHubDesktop\bin;C:\Program Files\nodejs\node_modules\npm;C:\Program Files\Java\jdk-14.0.2\bin;C:\Program Files\Apache Software Foundation\apache-maven-3.8.6\bin;;C:\Users\DHIRAGEP\Downloads\sts-4.13.1.RELEASE;
USERNAME=dhiragep
OS=Windows_NT
PROCESSOR_IDENTIFIER=AMD64 Family 25 Model 80 Stepping 0, AuthenticAMD



---------------  S Y S T E M  ---------------

OS:
 Windows 10 , 64 bit Build 22621 (10.0.22621.2215)
OS uptime: 8 days 3:55 hours
Hyper-V role detected

CPU: total 12 (initial active 12) (12 cores per cpu, 2 threads per core) family 25 model 80 stepping 0 microcode 0x0, cx8, cmov, fxsr, ht, mmx, 3dnowpref, sse, sse2, sse3, ssse3, sse4a, sse4.1, sse4.2, popcnt, lzcnt, tsc, tscinvbit, avx, avx2, aes, erms, clmul, bmi1, bmi2, adx, sha, fma, vzeroupper, clflush, clflushopt, hv

Memory: 4k page, system-wide physical 7489M (450M free)
TotalPageFile size 30017M (AvailPageFile size 0M)
current process WorkingSet (physical memory assigned to process): 12M, peak: 12M
current process commit charge ("private bytes"): 63M, peak: 64M

vm_info: OpenJDK 64-Bit Server VM (17.0.1+12) for windows-amd64 JRE (17.0.1+12), built on Oct 20 2021 07:42:55 by "" with MS VC++ 16.7 (VS2019)

END.
